<?xml version="1.0" encoding="UTF-8"?>
<testng-results skipped="0" failed="0" total="1" passed="1">
  <reporter-output>
  </reporter-output>
  <suite name="Default suite" duration-ms="5721" started-at="2020-03-14T22:02:50Z" finished-at="2020-03-14T22:02:55Z">
    <groups>
    </groups>
    <test name="Default test" duration-ms="5721" started-at="2020-03-14T22:02:50Z" finished-at="2020-03-14T22:02:55Z">
      <class name="Testcases.LoginApplication">
        <test-method status="PASS" signature="login()[pri:0, instance:Testcases.LoginApplication@64b8f8f4]" name="login" duration-ms="5713" started-at="2020-03-14T22:02:50Z" finished-at="2020-03-14T22:02:55Z">
          <reporter-output>
          </reporter-output>
        </test-method> <!-- login -->
      </class> <!-- Testcases.LoginApplication -->
    </test> <!-- Default test -->
  </suite> <!-- Default suite -->
</testng-results>
